<?xml version="1.0" encoding="UTF-8"?>
<!-- Generated by org.testng.reporters.JUnitReportReporter -->
<testsuite hostname="LAPTOP-M7E664VU" failures="0" tests="1" name="loanapplications.PersonalLoanApplicationTests" time="0.008" errors="0" timestamp="2022-09-28T09:34:28 IST" skipped="0">
  <testcase classname="loanapplications.PersonalLoanApplicationTests" name="PersonalLoanLoginWeb" time="0.008"/>
  <system-out/>
</testsuite> <!-- loanapplications.PersonalLoanApplicationTests -->
