<?xml version="1.0" encoding="UTF-8"?>
<!-- Generated by org.testng.reporters.JUnitReportReporter -->
<testsuite hostname="LAPTOP-M7E664VU" failures="0" tests="3" name="testpkg.ParamTest" time="0.019" errors="0" timestamp="2022-09-28T10:04:33 IST" skipped="0">
  <testcase classname="testpkg.ParamTest" name="applyForLoan" time="0.003"/>
  <system-out/>
  <testcase classname="testpkg.ParamTest" name="applyForLoan" time="0.014"/>
  <system-out/>
  <testcase classname="testpkg.ParamTest" name="applyForLoan" time="0.002"/>
  <system-out/>
</testsuite> <!-- testpkg.ParamTest -->
