<?xml version="1.0" encoding="UTF-8"?>
<!-- Generated by org.testng.reporters.JUnitReportReporter -->
<testsuite hostname="LAPTOP-M7E664VU" failures="0" tests="3" name="loanapplications.HomeLoanApplicationTests" time="0.005" errors="0" timestamp="2022-09-28T11:03:26 IST" skipped="0">
  <testcase classname="loanapplications.HomeLoanApplicationTests" name="WebHomeLoan" time="0.000"/>
  <system-out/>
  <testcase classname="loanapplications.HomeLoanApplicationTests" name="MobileHomeLoan" time="0.002"/>
  <system-out/>
  <testcase classname="loanapplications.HomeLoanApplicationTests" name="APIHomeLoan" time="0.003"/>
  <system-out/>
</testsuite> <!-- loanapplications.HomeLoanApplicationTests -->
