<?xml version="1.0" encoding="UTF-8"?>
<!-- Generated by org.testng.reporters.JUnitReportReporter -->
<testsuite hostname="LAPTOP-M7E664VU" failures="0" tests="4" name="ecommerce.Automation" time="130.632" errors="0" timestamp="2022-10-11T16:36:49 IST" skipped="0">
  <testcase classname="ecommerce.Automation" name="firefox" time="63.534"/>
  <testcase classname="ecommerce.Automation" name="LaunchFirefox" time="4.006"/>
  <testcase classname="ecommerce.Automation" name="chrome" time="61.077"/>
  <testcase classname="ecommerce.Automation" name="LaunchChrome" time="2.015"/>
</testsuite> <!-- ecommerce.Automation -->
