<?xml version="1.0" encoding="UTF-8"?>
<!-- Generated by org.testng.reporters.JUnitReportReporter -->
<testsuite hostname="LAPTOP-M7E664VU" failures="0" tests="1" name="com.test.AmazonTest" time="0.008" errors="0" timestamp="2022-10-03T20:17:34 IST" skipped="0">
  <testcase classname="com.test.AmazonTest" name="Test" time="0.008"/>
  <system-out/>
</testsuite> <!-- com.test.AmazonTest -->
