<?xml version="1.0" encoding="UTF-8"?>
<!-- Generated by org.testng.reporters.JUnitReportReporter -->
<testsuite hostname="LAPTOP-M7E664VU" failures="0" tests="2" name="com.test.AmazonHomePage" time="14.378" errors="0" timestamp="2022-10-03T20:17:34 IST" skipped="0">
  <testcase classname="com.test.AmazonHomePage" name="HomePageTitleVerify" time="7.226"/>
  <system-out/>
  <testcase classname="com.test.AmazonHomePage" name="testUrl" time="7.152"/>
  <system-out/>
</testsuite> <!-- com.test.AmazonHomePage -->
