<?xml version="1.0" encoding="UTF-8"?>
<!-- Generated by org.testng.reporters.JUnitReportReporter -->
<testsuite hostname="LAPTOP-M7E664VU" failures="0" tests="3" name="com.test.AmazonNavigationTest" time="61.929" errors="0" timestamp="2022-10-03T20:43:54 IST" skipped="0">
  <testcase classname="com.test.AmazonNavigationTest" name="TestSellersLink" time="23.159"/>
  <system-out/>
  <testcase classname="com.test.AmazonNavigationTest" name="TestAddressLink" time="19.072"/>
  <system-out/>
  <testcase classname="com.test.AmazonNavigationTest" name="TestOrderLink" time="19.698"/>
  <system-out/>
</testsuite> <!-- com.test.AmazonNavigationTest -->
