<?xml version="1.0" encoding="UTF-8"?>
<!-- Generated by org.testng.reporters.JUnitReportReporter -->
<testsuite hostname="LAPTOP-M7E664VU" failures="0" tests="3" name="com.test.AmazonProductSearchTest" time="46.301" errors="0" timestamp="2022-10-03T20:17:34 IST" skipped="0">
  <testcase classname="com.test.AmazonProductSearchTest" name="ProductSearchTest" time="11.952"/>
  <system-out/>
  <testcase classname="com.test.AmazonProductSearchTest" name="testForSearchProduct2" time="21.984"/>
  <system-out/>
  <testcase classname="com.test.AmazonProductSearchTest" name="testForSearchProduct3" time="12.365"/>
  <system-out/>
</testsuite> <!-- com.test.AmazonProductSearchTest -->
